running tests
<?xml version="1.0" encoding="UTF-8"?>
<!DOCTYPE html PUBLIC "-//W3C//DTD XHTML 1.0 Strict//EN" "http://www.w3.org/TR/xhtml1/DTD/xhtml1-strict.dtd">
<html xmlns="http://www.w3.org/1999/xhtml">
<head>
    <title>Unit Test Report</title>
    <meta name="generator" content="HTMLTestRunner 0.8.2"/>
    <meta http-equiv="Content-Type" content="text/html; charset=UTF-8"/>
    
<style type="text/css" media="screen">
body        { font-family: verdana, arial, helvetica, sans-serif; font-size: 80%; }
table       { font-size: 100%; }
pre         { }

/* -- heading ---------------------------------------------------------------------- */
h1 {
	font-size: 16pt;
	color: gray;
}
.heading {
    margin-top: 0ex;
    margin-bottom: 1ex;
}

.heading .attribute {
    margin-top: 1ex;
    margin-bottom: 0;
}

.heading .description {
    margin-top: 4ex;
    margin-bottom: 6ex;
}

/* -- css div popup ------------------------------------------------------------------------ */
a.popup_link {
}

a.popup_link:hover {
    color: red;
}

.popup_window {
    display: none;
    position: relative;
    left: 0px;
    top: 0px;
    /*border: solid #627173 1px; */
    padding: 10px;
    background-color: #E6E6D6;
    font-family: "Lucida Console", "Courier New", Courier, monospace;
    text-align: left;
    font-size: 8pt;
    width: 500px;
}

}
/* -- report ------------------------------------------------------------------------ */
#show_detail_line {
    margin-top: 3ex;
    margin-bottom: 1ex;
}
#result_table {
    width: 80%;
    border-collapse: collapse;
    border: 1px solid #777;
}
#header_row {
    font-weight: bold;
    color: white;
    background-color: #777;
}
#result_table td {
    border: 1px solid #777;
    padding: 2px;
}
#total_row  { font-weight: bold; }
.passClass  { background-color: #6c6; }
.failClass  { background-color: #c60; }
.errorClass { background-color: #c00; }
.passCase   { color: #6c6; }
.failCase   { color: #c60; font-weight: bold; }
.errorCase  { color: #c00; font-weight: bold; }
.hiddenRow  { display: none; }
.testcase   { margin-left: 2em; }


/* -- ending ---------------------------------------------------------------------- */
#ending {
}

</style>

</head>
<body>
<script language="javascript" type="text/javascript"><!--
output_list = Array();

/* level - 0:Summary; 1:Failed; 2:All */
function showCase(level) {
    trs = document.getElementsByTagName("tr");
    for (var i = 0; i < trs.length; i++) {
        tr = trs[i];
        id = tr.id;
        if (id.substr(0,2) == 'ft') {
            if (level < 1) {
                tr.className = 'hiddenRow';
            }
            else {
                tr.className = '';
            }
        }
        if (id.substr(0,2) == 'pt') {
            if (level > 1) {
                tr.className = '';
            }
            else {
                tr.className = 'hiddenRow';
            }
        }
    }
}


function showClassDetail(cid, count) {
    var id_list = Array(count);
    var toHide = 1;
    for (var i = 0; i < count; i++) {
        tid0 = 't' + cid.substr(1) + '.' + (i+1);
        tid = 'f' + tid0;
        tr = document.getElementById(tid);
        if (!tr) {
            tid = 'p' + tid0;
            tr = document.getElementById(tid);
        }
        id_list[i] = tid;
        if (tr.className) {
            toHide = 0;
        }
    }
    for (var i = 0; i < count; i++) {
        tid = id_list[i];
        if (toHide) {
            document.getElementById('div_'+tid).style.display = 'none'
            document.getElementById(tid).className = 'hiddenRow';
        }
        else {
            document.getElementById(tid).className = '';
        }
    }
}


function showTestDetail(div_id){
    var details_div = document.getElementById(div_id)
    var displayState = details_div.style.display
    // alert(displayState)
    if (displayState != 'block' ) {
        displayState = 'block'
        details_div.style.display = 'block'
    }
    else {
        details_div.style.display = 'none'
    }
}


function html_escape(s) {
    s = s.replace(/&/g,'&amp;');
    s = s.replace(/</g,'&lt;');
    s = s.replace(/>/g,'&gt;');
    return s;
}

/* obsoleted by detail in <div>
function showOutput(id, name) {
    var w = window.open("", //url
                    name,
                    "resizable,scrollbars,status,width=800,height=450");
    d = w.document;
    d.write("<pre>");
    d.write(html_escape(output_list[id]));
    d.write("\n");
    d.write("<a href='javascript:window.close()'>close</a>\n");
    d.write("</pre>\n");
    d.close();
}
*/
--></script>

<div class='heading'>
<h1>Unit Test Report</h1>
<p class='attribute'><strong>Start Time:</strong> 2015-11-26 00:00:42</p>
<p class='attribute'><strong>Duration:</strong> 0:19:56.178000</p>
<p class='attribute'><strong>Status:</strong> Pass 49 Failure 20 Error 16</p>

<p class='description'></p>
</div>



<p id='show_detail_line'>Show
<a href='javascript:showCase(0)'>Summary</a>
<a href='javascript:showCase(1)'>Failed</a>
<a href='javascript:showCase(2)'>All</a>
</p>
<table id='result_table'>
<colgroup>
<col align='left' />
<col align='right' />
<col align='right' />
<col align='right' />
<col align='right' />
<col align='right' />
</colgroup>
<tr id='header_row'>
    <td>Test Group/Test case</td>
    <td>Count</td>
    <td>Pass</td>
    <td>Fail</td>
    <td>Error</td>
    <td>View</td>
</tr>

<tr class='passClass'>
    <td>test_p0aregister.TestRegisterPage</td>
    <td>1</td>
    <td>1</td>
    <td>0</td>
    <td>0</td>
    <td><a href="javascript:showClassDetail('c1',1)">Detail</a></td>
</tr>

<tr id='pt1.1' class='hiddenRow'>
    <td class='none'><div class='testcase'>test_put_values_in_regester_form_1___Testuser1____user1__</div></td>
    <td colspan='5' align='center'>pass</td>
</tr>

<tr class='passClass'>
    <td>test_p0datasetup.AnswerQuestion</td>
    <td>4</td>
    <td>4</td>
    <td>0</td>
    <td>0</td>
    <td><a href="javascript:showClassDetail('c2',4)">Detail</a></td>
</tr>

<tr id='pt2.1' class='hiddenRow'>
    <td class='none'><div class='testcase'>test_addcategories</div></td>
    <td colspan='5' align='center'>pass</td>
</tr>

<tr id='pt2.2' class='hiddenRow'>
    <td class='none'><div class='testcase'>test_addmessages</div></td>
    <td colspan='5' align='center'>pass</td>
</tr>

<tr id='pt2.3' class='hiddenRow'>
    <td class='none'><div class='testcase'>test_addresolvemethods</div></td>
    <td colspan='5' align='center'>pass</td>
</tr>

<tr id='pt2.4' class='hiddenRow'>
    <td class='none'><div class='testcase'>test_datasetup</div></td>
    <td colspan='5' align='center'>pass</td>
</tr>

<tr class='passClass'>
    <td>test_p0geogsetup.AnswerQuestion</td>
    <td>2</td>
    <td>2</td>
    <td>0</td>
    <td>0</td>
    <td><a href="javascript:showClassDetail('c3',2)">Detail</a></td>
</tr>

<tr id='pt3.1' class='hiddenRow'>
    <td class='none'><div class='testcase'>test_addcountries</div></td>
    <td colspan='5' align='center'>pass</td>
</tr>

<tr id='pt3.2' class='hiddenRow'>
    <td class='none'><div class='testcase'>test_addsubdivns</div></td>
    <td colspan='5' align='center'>pass</td>
</tr>

<tr class='passClass'>
    <td>test_p0webparamssetup.AnswerQuestion</td>
    <td>1</td>
    <td>1</td>
    <td>0</td>
    <td>0</td>
    <td><a href="javascript:showClassDetail('c4',1)">Detail</a></td>
</tr>

<tr id='pt4.1' class='hiddenRow'>
    <td class='none'><div class='testcase'>test_addwebparams</div></td>
    <td colspan='5' align='center'>pass</td>
</tr>

<tr class='passClass'>
    <td>test_p1register.TestRegisterPage</td>
    <td>6</td>
    <td>6</td>
    <td>0</td>
    <td>0</td>
    <td><a href="javascript:showClassDetail('c5',6)">Detail</a></td>
</tr>

<tr id='pt5.1' class='hiddenRow'>
    <td class='none'><div class='testcase'>test_put_values_in_regester_form_1___Testuser2____user2__</div></td>
    <td colspan='5' align='center'>pass</td>
</tr>

<tr id='pt5.2' class='hiddenRow'>
    <td class='none'><div class='testcase'>test_put_values_in_regester_form_2___Testuser3____user3__</div></td>
    <td colspan='5' align='center'>pass</td>
</tr>

<tr id='pt5.3' class='hiddenRow'>
    <td class='none'><div class='testcase'>test_put_values_in_regester_form_3___Testuser4____user4__</div></td>
    <td colspan='5' align='center'>pass</td>
</tr>

<tr id='pt5.4' class='hiddenRow'>
    <td class='none'><div class='testcase'>test_put_values_in_regester_form_4___Testuser5____user5__</div></td>
    <td colspan='5' align='center'>pass</td>
</tr>

<tr id='pt5.5' class='hiddenRow'>
    <td class='none'><div class='testcase'>test_put_values_in_regester_form_5___Testuser6____user6__</div></td>
    <td colspan='5' align='center'>pass</td>
</tr>

<tr id='pt5.6' class='hiddenRow'>
    <td class='none'><div class='testcase'>test_put_values_in_regester_form_6___Testuser7____user7__</div></td>
    <td colspan='5' align='center'>pass</td>
</tr>

<tr class='passClass'>
    <td>test_p2addaction.AddBasicAction</td>
    <td>2</td>
    <td>2</td>
    <td>0</td>
    <td>0</td>
    <td><a href="javascript:showClassDetail('c6',2)">Detail</a></td>
</tr>

<tr id='pt6.1' class='hiddenRow'>
    <td class='none'><div class='testcase'>test_question_1____submit_new_question_action____Lets_get_this_done__</div></td>
    <td colspan='5' align='center'>pass</td>
</tr>

<tr id='pt6.2' class='hiddenRow'>
    <td class='none'><div class='testcase'>test_question_2____submit_new_question_issue____The_world_is_under_achieving__</div></td>
    <td colspan='5' align='center'>pass</td>
</tr>

<tr class='passClass'>
    <td>test_p2addquestion.AddBasicQuestion</td>
    <td>1</td>
    <td>1</td>
    <td>0</td>
    <td>0</td>
    <td><a href="javascript:showClassDetail('c7',1)">Detail</a></td>
</tr>

<tr id='pt7.1' class='hiddenRow'>
    <td class='none'><div class='testcase'>test_question</div></td>
    <td colspan='5' align='center'>pass</td>
</tr>

<tr class='failClass'>
    <td>test_p2answeraction.AnswerAction</td>
    <td>3</td>
    <td>2</td>
    <td>1</td>
    <td>0</td>
    <td><a href="javascript:showClassDetail('c8',3)">Detail</a></td>
</tr>

<tr id='pt8.1' class='hiddenRow'>
    <td class='none'><div class='testcase'>test_answer_action_1___Testuser2____user2____not_yet_agreed__</div></td>
    <td colspan='5' align='center'>pass</td>
</tr>

<tr id='pt8.2' class='hiddenRow'>
    <td class='none'><div class='testcase'>test_answer_action_2___Testuser3____user3____not_yet_agreed__</div></td>
    <td colspan='5' align='center'>pass</td>
</tr>

<tr id='ft8.3' class='none'>
    <td class='failCase'><div class='testcase'>test_answer_action_3___Testuser4____user4____is_Agreed__</div></td>
    <td colspan='5' align='center'>

    <!--css div popup start-->
    <a class="popup_link" onfocus='this.blur();' href="javascript:showTestDetail('div_ft8.3')" >
        fail</a>

    <div id='div_ft8.3' class="popup_window">
        <div style='text-align: right; color:red;cursor:pointer'>
        <a onfocus='this.blur();' onclick="document.getElementById('div_ft8.3').style.display = 'none' " >
           [x]</a>
        </div>
        <pre>
        
ft8.3: Traceback (most recent call last):
  File "C:\python27\lib\site-packages\ddt.py", line 146, in wrapper
    return func(self, *args, **kwargs)
  File "C:\web2pygitdev\web2py\applications\nds\fts\test_p2answeraction.py", line 72, in test_answer_action
    self.assertIn(result, body.text)
AssertionError: 'is Agreed' not found in u'Internal error\nTicket issued: nds/127.0.0.1.2015-11-26.00-04-45.85da13ae-4aad-4330-8169-c58e67e492ec'


        </pre>
    </div>
    <!--css div popup end-->

    </td>
</tr>

<tr class='failClass'>
    <td>test_p2answerissue.AnswerAction</td>
    <td>3</td>
    <td>2</td>
    <td>1</td>
    <td>0</td>
    <td><a href="javascript:showClassDetail('c9',3)">Detail</a></td>
</tr>

<tr id='pt9.1' class='hiddenRow'>
    <td class='none'><div class='testcase'>test_answer_issue_1___Testuser2____user2____not_yet_agreed__</div></td>
    <td colspan='5' align='center'>pass</td>
</tr>

<tr id='pt9.2' class='hiddenRow'>
    <td class='none'><div class='testcase'>test_answer_issue_2___Testuser3____user3____not_yet_agreed__</div></td>
    <td colspan='5' align='center'>pass</td>
</tr>

<tr id='ft9.3' class='none'>
    <td class='failCase'><div class='testcase'>test_answer_issue_3___Testuser4____user4____is_Agreed__</div></td>
    <td colspan='5' align='center'>

    <!--css div popup start-->
    <a class="popup_link" onfocus='this.blur();' href="javascript:showTestDetail('div_ft9.3')" >
        fail</a>

    <div id='div_ft9.3' class="popup_window">
        <div style='text-align: right; color:red;cursor:pointer'>
        <a onfocus='this.blur();' onclick="document.getElementById('div_ft9.3').style.display = 'none' " >
           [x]</a>
        </div>
        <pre>
        
ft9.3: Traceback (most recent call last):
  File "C:\python27\lib\site-packages\ddt.py", line 146, in wrapper
    return func(self, *args, **kwargs)
  File "C:\web2pygitdev\web2py\applications\nds\fts\test_p2answerissue.py", line 67, in test_answer_issue
    self.assertIn(result, body.text)
AssertionError: 'is Agreed' not found in u'Internal error\nTicket issued: nds/127.0.0.1.2015-11-26.00-05-35.90062e46-2ab8-4b0f-8cd1-b63d11a908ee'


        </pre>
    </div>
    <!--css div popup end-->

    </td>
</tr>

<tr class='failClass'>
    <td>test_p2answerquestion.AnswerQuestion</td>
    <td>3</td>
    <td>2</td>
    <td>1</td>
    <td>0</td>
    <td><a href="javascript:showClassDetail('c10',3)">Detail</a></td>
</tr>

<tr id='pt10.1' class='hiddenRow'>
    <td class='none'><div class='testcase'>test_answer_1___Testuser2____user2____in_progress__</div></td>
    <td colspan='5' align='center'>pass</td>
</tr>

<tr id='pt10.2' class='hiddenRow'>
    <td class='none'><div class='testcase'>test_answer_2___Testuser3____user3____in_progress__</div></td>
    <td colspan='5' align='center'>pass</td>
</tr>

<tr id='ft10.3' class='none'>
    <td class='failCase'><div class='testcase'>test_answer_3___Testuser4____user4____Well_done__</div></td>
    <td colspan='5' align='center'>

    <!--css div popup start-->
    <a class="popup_link" onfocus='this.blur();' href="javascript:showTestDetail('div_ft10.3')" >
        fail</a>

    <div id='div_ft10.3' class="popup_window">
        <div style='text-align: right; color:red;cursor:pointer'>
        <a onfocus='this.blur();' onclick="document.getElementById('div_ft10.3').style.display = 'none' " >
           [x]</a>
        </div>
        <pre>
        
ft10.3: Traceback (most recent call last):
  File "C:\python27\lib\site-packages\ddt.py", line 146, in wrapper
    return func(self, *args, **kwargs)
  File "C:\web2pygitdev\web2py\applications\nds\fts\test_p2answerquestion.py", line 75, in test_answer
    self.assertIn(result, body.text)
AssertionError: 'Well done' not found in u'Internal error\nTicket issued: nds/127.0.0.1.2015-11-26.00-06-07.e115ee9c-85b2-4269-be3f-9b2c8ad1e989'


        </pre>
    </div>
    <!--css div popup end-->

    </td>
</tr>

<tr class='passClass'>
    <td>test_p2login.TestLoginPage</td>
    <td>1</td>
    <td>1</td>
    <td>0</td>
    <td>0</td>
    <td><a href="javascript:showClassDetail('c11',1)">Detail</a></td>
</tr>

<tr id='pt11.1' class='hiddenRow'>
    <td class='none'><div class='testcase'>test_put_values_in_login_form</div></td>
    <td colspan='5' align='center'>pass</td>
</tr>

<tr class='failClass'>
    <td>test_p2noquestion.NoQuestion</td>
    <td>1</td>
    <td>0</td>
    <td>1</td>
    <td>0</td>
    <td><a href="javascript:showClassDetail('c12',1)">Detail</a></td>
</tr>

<tr id='ft12.1' class='none'>
    <td class='failCase'><div class='testcase'>test_has_right_heading</div></td>
    <td colspan='5' align='center'>

    <!--css div popup start-->
    <a class="popup_link" onfocus='this.blur();' href="javascript:showTestDetail('div_ft12.1')" >
        fail</a>

    <div id='div_ft12.1' class="popup_window">
        <div style='text-align: right; color:red;cursor:pointer'>
        <a onfocus='this.blur();' onclick="document.getElementById('div_ft12.1').style.display = 'none' " >
           [x]</a>
        </div>
        <pre>
        
ft12.1: Traceback (most recent call last):
  File "C:\web2pygitdev\web2py\applications\nds\fts\test_p2noquestion.py", line 34, in test_has_right_heading
    self.assertIn('all questions', body.text)
AssertionError: 'all questions' not found in u"Welcome Testuser2\nAbout\nCreate\nAnswer\nReview\nMy NDS\nNet Decision Making\nParent Items\nChild Items\nQuestion\nSelenium to be or not to be\nAnswers\nAnswer Analysis\nbe\nnot to be\nThis question has been answered 2 times. 0 users passed on this question. The current category is Unspecified.\nStatus\nThis question is in progress at level 1. You don't have the option to challenge or agree and disagree at present because there is no resolved answer.\nUrgency and importance\nHere is how you and other people have rated the urgency and importance of the question so far.\nUrgency Importance\nOverall\nYou\nCopyright \xa9 2015\nPowered by web2py\nShare"


        </pre>
    </div>
    <!--css div popup end-->

    </td>
</tr>

<tr class='passClass'>
    <td>test_ph2_addquestion.AddBasicQuestion</td>
    <td>1</td>
    <td>1</td>
    <td>0</td>
    <td>0</td>
    <td><a href="javascript:showClassDetail('c13',1)">Detail</a></td>
</tr>

<tr id='pt13.1' class='hiddenRow'>
    <td class='none'><div class='testcase'>test_question</div></td>
    <td colspan='5' align='center'>pass</td>
</tr>

<tr class='errorClass'>
    <td>test_ph2_answerquestion.AnswerQuestion</td>
    <td>6</td>
    <td>2</td>
    <td>3</td>
    <td>1</td>
    <td><a href="javascript:showClassDetail('c14',6)">Detail</a></td>
</tr>

<tr id='ft14.1' class='none'>
    <td class='errorCase'><div class='testcase'>test_answer_1___Testuser2____user2____2____in_progress____yes__</div></td>
    <td colspan='5' align='center'>

    <!--css div popup start-->
    <a class="popup_link" onfocus='this.blur();' href="javascript:showTestDetail('div_ft14.1')" >
        error</a>

    <div id='div_ft14.1' class="popup_window">
        <div style='text-align: right; color:red;cursor:pointer'>
        <a onfocus='this.blur();' onclick="document.getElementById('div_ft14.1').style.display = 'none' " >
           [x]</a>
        </div>
        <pre>
        
ft14.1: Traceback (most recent call last):
  File "C:\python27\lib\site-packages\ddt.py", line 146, in wrapper
    return func(self, *args, **kwargs)
  File "C:\web2pygitdev\web2py\applications\nds\fts\test_ph2_answerquestion.py", line 43, in test_answer
    element = wait.until(EC.element_to_be_clickable((By.XPATH, ansstring)))
  File "C:\python27\lib\site-packages\selenium\webdriver\support\wait.py", line 76, in until
    raise TimeoutException(message, screen, stacktrace)
TimeoutException: Message: 



        </pre>
    </div>
    <!--css div popup end-->

    </td>
</tr>

<tr id='pt14.2' class='hiddenRow'>
    <td class='none'><div class='testcase'>test_answer_2___Testuser3____user3____2____in_progress____no__</div></td>
    <td colspan='5' align='center'>pass</td>
</tr>

<tr id='ft14.3' class='none'>
    <td class='failCase'><div class='testcase'>test_answer_3___Testuser4____user4____3____in_progress____no__</div></td>
    <td colspan='5' align='center'>

    <!--css div popup start-->
    <a class="popup_link" onfocus='this.blur();' href="javascript:showTestDetail('div_ft14.3')" >
        fail</a>

    <div id='div_ft14.3' class="popup_window">
        <div style='text-align: right; color:red;cursor:pointer'>
        <a onfocus='this.blur();' onclick="document.getElementById('div_ft14.3').style.display = 'none' " >
           [x]</a>
        </div>
        <pre>
        
ft14.3: Traceback (most recent call last):
  File "C:\python27\lib\site-packages\ddt.py", line 146, in wrapper
    return func(self, *args, **kwargs)
  File "C:\web2pygitdev\web2py\applications\nds\fts\test_ph2_answerquestion.py", line 80, in test_answer
    self.assertIn(result, body.text)
AssertionError: 'in progress' not found in u'Internal error\nTicket issued: nds/127.0.0.1.2015-11-26.00-07-39.2504a358-02bd-40b6-ad9c-9d80a37b9f9d'


        </pre>
    </div>
    <!--css div popup end-->

    </td>
</tr>

<tr id='pt14.4' class='hiddenRow'>
    <td class='none'><div class='testcase'>test_answer_4___Testuser5____user5____2____in_progress____no__</div></td>
    <td colspan='5' align='center'>pass</td>
</tr>

<tr id='ft14.5' class='none'>
    <td class='failCase'><div class='testcase'>test_answer_5___Testuser6____user6____2____in_progress____no__</div></td>
    <td colspan='5' align='center'>

    <!--css div popup start-->
    <a class="popup_link" onfocus='this.blur();' href="javascript:showTestDetail('div_ft14.5')" >
        fail</a>

    <div id='div_ft14.5' class="popup_window">
        <div style='text-align: right; color:red;cursor:pointer'>
        <a onfocus='this.blur();' onclick="document.getElementById('div_ft14.5').style.display = 'none' " >
           [x]</a>
        </div>
        <pre>
        
ft14.5: Traceback (most recent call last):
  File "C:\python27\lib\site-packages\ddt.py", line 146, in wrapper
    return func(self, *args, **kwargs)
  File "C:\web2pygitdev\web2py\applications\nds\fts\test_ph2_answerquestion.py", line 80, in test_answer
    self.assertIn(result, body.text)
AssertionError: 'in progress' not found in u'Internal error\nTicket issued: nds/127.0.0.1.2015-11-26.00-07-54.e6df6cc9-aebb-4631-be76-b16fc13c26d1'


        </pre>
    </div>
    <!--css div popup end-->

    </td>
</tr>

<tr id='ft14.6' class='none'>
    <td class='failCase'><div class='testcase'>test_answer_6___Testuser7____user7____2____Well_done____no__</div></td>
    <td colspan='5' align='center'>

    <!--css div popup start-->
    <a class="popup_link" onfocus='this.blur();' href="javascript:showTestDetail('div_ft14.6')" >
        fail</a>

    <div id='div_ft14.6' class="popup_window">
        <div style='text-align: right; color:red;cursor:pointer'>
        <a onfocus='this.blur();' onclick="document.getElementById('div_ft14.6').style.display = 'none' " >
           [x]</a>
        </div>
        <pre>
        
ft14.6: Traceback (most recent call last):
  File "C:\python27\lib\site-packages\ddt.py", line 146, in wrapper
    return func(self, *args, **kwargs)
  File "C:\web2pygitdev\web2py\applications\nds\fts\test_ph2_answerquestion.py", line 80, in test_answer
    self.assertIn(result, body.text)
AssertionError: 'Well done' not found in u'Internal error\nTicket issued: nds/127.0.0.1.2015-11-26.00-08-00.e7982ca3-6447-47db-91b0-2cf2b05b7b3a'


        </pre>
    </div>
    <!--css div popup end-->

    </td>
</tr>

<tr class='passClass'>
    <td>test_ph2_n2addquestion.AddBasicQuestion</td>
    <td>1</td>
    <td>1</td>
    <td>0</td>
    <td>0</td>
    <td><a href="javascript:showClassDetail('c15',1)">Detail</a></td>
</tr>

<tr id='pt15.1' class='hiddenRow'>
    <td class='none'><div class='testcase'>test_question</div></td>
    <td colspan='5' align='center'>pass</td>
</tr>

<tr class='errorClass'>
    <td>test_ph2_n2answerquestion.AnswerQuestion</td>
    <td>2</td>
    <td>0</td>
    <td>0</td>
    <td>2</td>
    <td><a href="javascript:showClassDetail('c16',2)">Detail</a></td>
</tr>

<tr id='ft16.1' class='none'>
    <td class='errorCase'><div class='testcase'>test_answer_1___Testuser2____user2____2____in_progress__</div></td>
    <td colspan='5' align='center'>

    <!--css div popup start-->
    <a class="popup_link" onfocus='this.blur();' href="javascript:showTestDetail('div_ft16.1')" >
        error</a>

    <div id='div_ft16.1' class="popup_window">
        <div style='text-align: right; color:red;cursor:pointer'>
        <a onfocus='this.blur();' onclick="document.getElementById('div_ft16.1').style.display = 'none' " >
           [x]</a>
        </div>
        <pre>
        
ft16.1: Traceback (most recent call last):
  File "C:\python27\lib\site-packages\ddt.py", line 146, in wrapper
    return func(self, *args, **kwargs)
  File "C:\web2pygitdev\web2py\applications\nds\fts\test_ph2_n2answerquestion.py", line 38, in test_answer
    element = wait.until(EC.element_to_be_clickable((By.XPATH, ansstring)))
  File "C:\python27\lib\site-packages\selenium\webdriver\support\wait.py", line 76, in until
    raise TimeoutException(message, screen, stacktrace)
TimeoutException: Message: 



        </pre>
    </div>
    <!--css div popup end-->

    </td>
</tr>

<tr id='ft16.2' class='none'>
    <td class='errorCase'><div class='testcase'>test_answer_2___Testuser3____user3____2____Well_done__</div></td>
    <td colspan='5' align='center'>

    <!--css div popup start-->
    <a class="popup_link" onfocus='this.blur();' href="javascript:showTestDetail('div_ft16.2')" >
        error</a>

    <div id='div_ft16.2' class="popup_window">
        <div style='text-align: right; color:red;cursor:pointer'>
        <a onfocus='this.blur();' onclick="document.getElementById('div_ft16.2').style.display = 'none' " >
           [x]</a>
        </div>
        <pre>
        
ft16.2: Traceback (most recent call last):
  File "C:\python27\lib\site-packages\ddt.py", line 146, in wrapper
    return func(self, *args, **kwargs)
  File "C:\web2pygitdev\web2py\applications\nds\fts\test_ph2_n2answerquestion.py", line 38, in test_answer
    element = wait.until(EC.element_to_be_clickable((By.XPATH, ansstring)))
  File "C:\python27\lib\site-packages\selenium\webdriver\support\wait.py", line 76, in until
    raise TimeoutException(message, screen, stacktrace)
TimeoutException: Message: 



        </pre>
    </div>
    <!--css div popup end-->

    </td>
</tr>

<tr class='passClass'>
    <td>test_ph2_n4addquestion.AddBasicQuestion</td>
    <td>1</td>
    <td>1</td>
    <td>0</td>
    <td>0</td>
    <td><a href="javascript:showClassDetail('c17',1)">Detail</a></td>
</tr>

<tr id='pt17.1' class='hiddenRow'>
    <td class='none'><div class='testcase'>test_question</div></td>
    <td colspan='5' align='center'>pass</td>
</tr>

<tr class='errorClass'>
    <td>test_ph2_n4answerquestion.AnswerQuestion</td>
    <td>4</td>
    <td>1</td>
    <td>1</td>
    <td>2</td>
    <td><a href="javascript:showClassDetail('c18',4)">Detail</a></td>
</tr>

<tr id='ft18.1' class='none'>
    <td class='errorCase'><div class='testcase'>test_answer_1___Testuser2____user2____2____in_progress__</div></td>
    <td colspan='5' align='center'>

    <!--css div popup start-->
    <a class="popup_link" onfocus='this.blur();' href="javascript:showTestDetail('div_ft18.1')" >
        error</a>

    <div id='div_ft18.1' class="popup_window">
        <div style='text-align: right; color:red;cursor:pointer'>
        <a onfocus='this.blur();' onclick="document.getElementById('div_ft18.1').style.display = 'none' " >
           [x]</a>
        </div>
        <pre>
        
ft18.1: Traceback (most recent call last):
  File "C:\python27\lib\site-packages\ddt.py", line 146, in wrapper
    return func(self, *args, **kwargs)
  File "C:\web2pygitdev\web2py\applications\nds\fts\test_ph2_n4answerquestion.py", line 41, in test_answer
    element = wait.until(EC.element_to_be_clickable((By.XPATH, ansstring)))
  File "C:\python27\lib\site-packages\selenium\webdriver\support\wait.py", line 76, in until
    raise TimeoutException(message, screen, stacktrace)
TimeoutException: Message: 



        </pre>
    </div>
    <!--css div popup end-->

    </td>
</tr>

<tr id='ft18.2' class='none'>
    <td class='errorCase'><div class='testcase'>test_answer_2___Testuser3____user3____2____in_progress__</div></td>
    <td colspan='5' align='center'>

    <!--css div popup start-->
    <a class="popup_link" onfocus='this.blur();' href="javascript:showTestDetail('div_ft18.2')" >
        error</a>

    <div id='div_ft18.2' class="popup_window">
        <div style='text-align: right; color:red;cursor:pointer'>
        <a onfocus='this.blur();' onclick="document.getElementById('div_ft18.2').style.display = 'none' " >
           [x]</a>
        </div>
        <pre>
        
ft18.2: Traceback (most recent call last):
  File "C:\python27\lib\site-packages\ddt.py", line 146, in wrapper
    return func(self, *args, **kwargs)
  File "C:\web2pygitdev\web2py\applications\nds\fts\test_ph2_n4answerquestion.py", line 41, in test_answer
    element = wait.until(EC.element_to_be_clickable((By.XPATH, ansstring)))
  File "C:\python27\lib\site-packages\selenium\webdriver\support\wait.py", line 76, in until
    raise TimeoutException(message, screen, stacktrace)
TimeoutException: Message: 



        </pre>
    </div>
    <!--css div popup end-->

    </td>
</tr>

<tr id='pt18.3' class='hiddenRow'>
    <td class='none'><div class='testcase'>test_answer_3___Testuser4____user4____2____in_progress__</div></td>
    <td colspan='5' align='center'>pass</td>
</tr>

<tr id='ft18.4' class='none'>
    <td class='failCase'><div class='testcase'>test_answer_4___Testuser5____user5____2____Well_done__</div></td>
    <td colspan='5' align='center'>

    <!--css div popup start-->
    <a class="popup_link" onfocus='this.blur();' href="javascript:showTestDetail('div_ft18.4')" >
        fail</a>

    <div id='div_ft18.4' class="popup_window">
        <div style='text-align: right; color:red;cursor:pointer'>
        <a onfocus='this.blur();' onclick="document.getElementById('div_ft18.4').style.display = 'none' " >
           [x]</a>
        </div>
        <pre>
        
ft18.4: Traceback (most recent call last):
  File "C:\python27\lib\site-packages\ddt.py", line 146, in wrapper
    return func(self, *args, **kwargs)
  File "C:\web2pygitdev\web2py\applications\nds\fts\test_ph2_n4answerquestion.py", line 74, in test_answer
    self.assertIn(result, body.text)
AssertionError: 'Well done' not found in u'Internal error\nTicket issued: nds/127.0.0.1.2015-11-26.00-10-16.7b697b00-caa9-44cd-b393-0427a7cc3078'


        </pre>
    </div>
    <!--css div popup end-->

    </td>
</tr>

<tr class='errorClass'>
    <td>test_ph3_challengeusr2.AnswerQuestion</td>
    <td>3</td>
    <td>0</td>
    <td>0</td>
    <td>3</td>
    <td><a href="javascript:showClassDetail('c19',3)">Detail</a></td>
</tr>

<tr id='ft19.1' class='none'>
    <td class='errorCase'><div class='testcase'>test_challenge_1___Testuser2____user2__</div></td>
    <td colspan='5' align='center'>

    <!--css div popup start-->
    <a class="popup_link" onfocus='this.blur();' href="javascript:showTestDetail('div_ft19.1')" >
        error</a>

    <div id='div_ft19.1' class="popup_window">
        <div style='text-align: right; color:red;cursor:pointer'>
        <a onfocus='this.blur();' onclick="document.getElementById('div_ft19.1').style.display = 'none' " >
           [x]</a>
        </div>
        <pre>
        
ft19.1: Traceback (most recent call last):
  File "C:\python27\lib\site-packages\ddt.py", line 146, in wrapper
    return func(self, *args, **kwargs)
  File "C:\web2pygitdev\web2py\applications\nds\fts\test_ph3_challengeusr2.py", line 39, in test_challenge
    get_browser=self.browser.get(self.url)
  File "C:\python27\lib\site-packages\selenium\webdriver\remote\webdriver.py", line 208, in get
    self.execute(Command.GET, {'url': url})
  File "C:\python27\lib\site-packages\selenium\webdriver\remote\webdriver.py", line 196, in execute
    self.error_handler.check_response(response)
  File "C:\python27\lib\site-packages\selenium\webdriver\remote\errorhandler.py", line 181, in check_response
    raise exception_class(message, screen, stacktrace)
WebDriverException: Message: unknown error: unhandled inspector error: {"code":-32603,"message":"Cannot navigate to invalid URL"}
  (Session info: chrome=46.0.2490.86)
  (Driver info: chromedriver=2.19.346078 (6f1f0cde889532d48ce8242342d0b84f94b114a1),platform=Windows NT 10.0 x86_64)



        </pre>
    </div>
    <!--css div popup end-->

    </td>
</tr>

<tr id='ft19.2' class='none'>
    <td class='errorCase'><div class='testcase'>test_challenge_2___Testuser3____user3__</div></td>
    <td colspan='5' align='center'>

    <!--css div popup start-->
    <a class="popup_link" onfocus='this.blur();' href="javascript:showTestDetail('div_ft19.2')" >
        error</a>

    <div id='div_ft19.2' class="popup_window">
        <div style='text-align: right; color:red;cursor:pointer'>
        <a onfocus='this.blur();' onclick="document.getElementById('div_ft19.2').style.display = 'none' " >
           [x]</a>
        </div>
        <pre>
        
ft19.2: Traceback (most recent call last):
  File "C:\python27\lib\site-packages\ddt.py", line 146, in wrapper
    return func(self, *args, **kwargs)
  File "C:\web2pygitdev\web2py\applications\nds\fts\test_ph3_challengeusr2.py", line 39, in test_challenge
    get_browser=self.browser.get(self.url)
  File "C:\python27\lib\site-packages\selenium\webdriver\remote\webdriver.py", line 208, in get
    self.execute(Command.GET, {'url': url})
  File "C:\python27\lib\site-packages\selenium\webdriver\remote\webdriver.py", line 196, in execute
    self.error_handler.check_response(response)
  File "C:\python27\lib\site-packages\selenium\webdriver\remote\errorhandler.py", line 181, in check_response
    raise exception_class(message, screen, stacktrace)
WebDriverException: Message: unknown error: unhandled inspector error: {"code":-32603,"message":"Cannot navigate to invalid URL"}
  (Session info: chrome=46.0.2490.86)
  (Driver info: chromedriver=2.19.346078 (6f1f0cde889532d48ce8242342d0b84f94b114a1),platform=Windows NT 10.0 x86_64)



        </pre>
    </div>
    <!--css div popup end-->

    </td>
</tr>

<tr id='ft19.3' class='none'>
    <td class='errorCase'><div class='testcase'>test_challenge_3___Testuser4____user4__</div></td>
    <td colspan='5' align='center'>

    <!--css div popup start-->
    <a class="popup_link" onfocus='this.blur();' href="javascript:showTestDetail('div_ft19.3')" >
        error</a>

    <div id='div_ft19.3' class="popup_window">
        <div style='text-align: right; color:red;cursor:pointer'>
        <a onfocus='this.blur();' onclick="document.getElementById('div_ft19.3').style.display = 'none' " >
           [x]</a>
        </div>
        <pre>
        
ft19.3: Traceback (most recent call last):
  File "C:\python27\lib\site-packages\ddt.py", line 146, in wrapper
    return func(self, *args, **kwargs)
  File "C:\web2pygitdev\web2py\applications\nds\fts\test_ph3_challengeusr2.py", line 39, in test_challenge
    get_browser=self.browser.get(self.url)
  File "C:\python27\lib\site-packages\selenium\webdriver\remote\webdriver.py", line 208, in get
    self.execute(Command.GET, {'url': url})
  File "C:\python27\lib\site-packages\selenium\webdriver\remote\webdriver.py", line 196, in execute
    self.error_handler.check_response(response)
  File "C:\python27\lib\site-packages\selenium\webdriver\remote\errorhandler.py", line 181, in check_response
    raise exception_class(message, screen, stacktrace)
WebDriverException: Message: unknown error: unhandled inspector error: {"code":-32603,"message":"Cannot navigate to invalid URL"}
  (Session info: chrome=46.0.2490.86)
  (Driver info: chromedriver=2.19.346078 (6f1f0cde889532d48ce8242342d0b84f94b114a1),platform=Windows NT 10.0 x86_64)



        </pre>
    </div>
    <!--css div popup end-->

    </td>
</tr>

<tr class='errorClass'>
    <td>test_ph3_reanswerquestionusr4.AnswerQuestion</td>
    <td>3</td>
    <td>0</td>
    <td>2</td>
    <td>1</td>
    <td><a href="javascript:showClassDetail('c20',3)">Detail</a></td>
</tr>

<tr id='ft20.1' class='none'>
    <td class='failCase'><div class='testcase'>test_answer_1___Testuser4____user4____2____in_progress__</div></td>
    <td colspan='5' align='center'>

    <!--css div popup start-->
    <a class="popup_link" onfocus='this.blur();' href="javascript:showTestDetail('div_ft20.1')" >
        fail</a>

    <div id='div_ft20.1' class="popup_window">
        <div style='text-align: right; color:red;cursor:pointer'>
        <a onfocus='this.blur();' onclick="document.getElementById('div_ft20.1').style.display = 'none' " >
           [x]</a>
        </div>
        <pre>
        
ft20.1: Traceback (most recent call last):
  File "C:\python27\lib\site-packages\ddt.py", line 146, in wrapper
    return func(self, *args, **kwargs)
  File "C:\web2pygitdev\web2py\applications\nds\fts\test_ph3_reanswerquestionusr4.py", line 70, in test_answer
    self.assertIn(result, body.text)
AssertionError: 'in progress' not found in u'Internal error\nTicket issued: nds/127.0.0.1.2015-11-26.00-10-44.14651341-55b1-4239-8466-4836bb054ef0'


        </pre>
    </div>
    <!--css div popup end-->

    </td>
</tr>

<tr id='ft20.2' class='none'>
    <td class='errorCase'><div class='testcase'>test_answer_2___Testuser5____user5____2____in_progress__</div></td>
    <td colspan='5' align='center'>

    <!--css div popup start-->
    <a class="popup_link" onfocus='this.blur();' href="javascript:showTestDetail('div_ft20.2')" >
        error</a>

    <div id='div_ft20.2' class="popup_window">
        <div style='text-align: right; color:red;cursor:pointer'>
        <a onfocus='this.blur();' onclick="document.getElementById('div_ft20.2').style.display = 'none' " >
           [x]</a>
        </div>
        <pre>
        
ft20.2: Traceback (most recent call last):
  File "C:\python27\lib\site-packages\ddt.py", line 146, in wrapper
    return func(self, *args, **kwargs)
  File "C:\web2pygitdev\web2py\applications\nds\fts\test_ph3_reanswerquestionusr4.py", line 40, in test_answer
    element = wait.until(EC.element_to_be_clickable((By.XPATH, ansstring)))
  File "C:\python27\lib\site-packages\selenium\webdriver\support\wait.py", line 76, in until
    raise TimeoutException(message, screen, stacktrace)
TimeoutException: Message: 



        </pre>
    </div>
    <!--css div popup end-->

    </td>
</tr>

<tr id='ft20.3' class='none'>
    <td class='failCase'><div class='testcase'>test_answer_3___Testuser6____user6____2____Well_done__</div></td>
    <td colspan='5' align='center'>

    <!--css div popup start-->
    <a class="popup_link" onfocus='this.blur();' href="javascript:showTestDetail('div_ft20.3')" >
        fail</a>

    <div id='div_ft20.3' class="popup_window">
        <div style='text-align: right; color:red;cursor:pointer'>
        <a onfocus='this.blur();' onclick="document.getElementById('div_ft20.3').style.display = 'none' " >
           [x]</a>
        </div>
        <pre>
        
ft20.3: Traceback (most recent call last):
  File "C:\python27\lib\site-packages\ddt.py", line 146, in wrapper
    return func(self, *args, **kwargs)
  File "C:\web2pygitdev\web2py\applications\nds\fts\test_ph3_reanswerquestionusr4.py", line 70, in test_answer
    self.assertIn(result, body.text)
AssertionError: 'Well done' not found in u'Internal error\nTicket issued: nds/127.0.0.1.2015-11-26.00-11-21.139d7d8a-2a50-42d4-9dd9-d59049f52003'


        </pre>
    </div>
    <!--css div popup end-->

    </td>
</tr>

<tr class='passClass'>
    <td>test_ph4_0addgroup.AddEvent</td>
    <td>2</td>
    <td>2</td>
    <td>0</td>
    <td>0</td>
    <td><a href="javascript:showClassDetail('c21',2)">Detail</a></td>
</tr>

<tr id='pt21.1' class='hiddenRow'>
    <td class='none'><div class='testcase'>test_group</div></td>
    <td colspan='5' align='center'>pass</td>
</tr>

<tr id='pt21.2' class='hiddenRow'>
    <td class='none'><div class='testcase'>test_has_right_heading</div></td>
    <td colspan='5' align='center'>pass</td>
</tr>

<tr class='passClass'>
    <td>test_ph4_0joingroupusr6.AnswerQuestion</td>
    <td>2</td>
    <td>2</td>
    <td>0</td>
    <td>0</td>
    <td><a href="javascript:showClassDetail('c22',2)">Detail</a></td>
</tr>

<tr id='pt22.1' class='hiddenRow'>
    <td class='none'><div class='testcase'>test_challenge_1___Testuser6____user6__</div></td>
    <td colspan='5' align='center'>pass</td>
</tr>

<tr id='pt22.2' class='hiddenRow'>
    <td class='none'><div class='testcase'>test_challenge_2___Testuser7____user7__</div></td>
    <td colspan='5' align='center'>pass</td>
</tr>

<tr class='passClass'>
    <td>test_ph4_2addquestion.AddBasicQuestion</td>
    <td>1</td>
    <td>1</td>
    <td>0</td>
    <td>0</td>
    <td><a href="javascript:showClassDetail('c23',1)">Detail</a></td>
</tr>

<tr id='pt23.1' class='hiddenRow'>
    <td class='none'><div class='testcase'>test_question</div></td>
    <td colspan='5' align='center'>pass</td>
</tr>

<tr class='failClass'>
    <td>test_ph4_3answergrpquestion.AnswerQuestion</td>
    <td>3</td>
    <td>0</td>
    <td>3</td>
    <td>0</td>
    <td><a href="javascript:showClassDetail('c24',3)">Detail</a></td>
</tr>

<tr id='ft24.1' class='none'>
    <td class='failCase'><div class='testcase'>test_answer_1___Testuser5____user5____2____in_progress__</div></td>
    <td colspan='5' align='center'>

    <!--css div popup start-->
    <a class="popup_link" onfocus='this.blur();' href="javascript:showTestDetail('div_ft24.1')" >
        fail</a>

    <div id='div_ft24.1' class="popup_window">
        <div style='text-align: right; color:red;cursor:pointer'>
        <a onfocus='this.blur();' onclick="document.getElementById('div_ft24.1').style.display = 'none' " >
           [x]</a>
        </div>
        <pre>
        
ft24.1: Traceback (most recent call last):
  File "C:\python27\lib\site-packages\ddt.py", line 146, in wrapper
    return func(self, *args, **kwargs)
  File "C:\web2pygitdev\web2py\applications\nds\fts\test_ph4_3answergrpquestion.py", line 70, in test_answer
    self.assertIn(result, body.text)
AssertionError: 'in progress' not found in u'Internal error\nTicket issued: nds/127.0.0.1.2015-11-26.00-12-32.0f9a7c44-b323-484d-98cb-71bc6cc10173'


        </pre>
    </div>
    <!--css div popup end-->

    </td>
</tr>

<tr id='ft24.2' class='none'>
    <td class='failCase'><div class='testcase'>test_answer_2___Testuser6____user6____2____in_progress__</div></td>
    <td colspan='5' align='center'>

    <!--css div popup start-->
    <a class="popup_link" onfocus='this.blur();' href="javascript:showTestDetail('div_ft24.2')" >
        fail</a>

    <div id='div_ft24.2' class="popup_window">
        <div style='text-align: right; color:red;cursor:pointer'>
        <a onfocus='this.blur();' onclick="document.getElementById('div_ft24.2').style.display = 'none' " >
           [x]</a>
        </div>
        <pre>
        
ft24.2: Traceback (most recent call last):
  File "C:\python27\lib\site-packages\ddt.py", line 146, in wrapper
    return func(self, *args, **kwargs)
  File "C:\web2pygitdev\web2py\applications\nds\fts\test_ph4_3answergrpquestion.py", line 70, in test_answer
    self.assertIn(result, body.text)
AssertionError: 'in progress' not found in u'Internal error\nTicket issued: nds/127.0.0.1.2015-11-26.00-12-39.85e9d5ff-4476-4ffd-b20e-783b8103ea08'


        </pre>
    </div>
    <!--css div popup end-->

    </td>
</tr>

<tr id='ft24.3' class='none'>
    <td class='failCase'><div class='testcase'>test_answer_3___Testuser7____user7____2____Well_done__</div></td>
    <td colspan='5' align='center'>

    <!--css div popup start-->
    <a class="popup_link" onfocus='this.blur();' href="javascript:showTestDetail('div_ft24.3')" >
        fail</a>

    <div id='div_ft24.3' class="popup_window">
        <div style='text-align: right; color:red;cursor:pointer'>
        <a onfocus='this.blur();' onclick="document.getElementById('div_ft24.3').style.display = 'none' " >
           [x]</a>
        </div>
        <pre>
        
ft24.3: Traceback (most recent call last):
  File "C:\python27\lib\site-packages\ddt.py", line 146, in wrapper
    return func(self, *args, **kwargs)
  File "C:\web2pygitdev\web2py\applications\nds\fts\test_ph4_3answergrpquestion.py", line 70, in test_answer
    self.assertIn(result, body.text)
AssertionError: 'Well done' not found in u'Internal error\nTicket issued: nds/127.0.0.1.2015-11-26.00-12-52.212aa8a7-0fa1-4de2-8759-97d8413f3731'


        </pre>
    </div>
    <!--css div popup end-->

    </td>
</tr>

<tr class='passClass'>
    <td>test_ph4_4addcommittee.AddEvent</td>
    <td>5</td>
    <td>5</td>
    <td>0</td>
    <td>0</td>
    <td><a href="javascript:showClassDetail('c25',5)">Detail</a></td>
</tr>

<tr id='pt25.1' class='hiddenRow'>
    <td class='none'><div class='testcase'>test4</div></td>
    <td colspan='5' align='center'>pass</td>
</tr>

<tr id='pt25.2' class='hiddenRow'>
    <td class='none'><div class='testcase'>test_adduser2fromgrid</div></td>
    <td colspan='5' align='center'>pass</td>
</tr>

<tr id='pt25.3' class='hiddenRow'>
    <td class='none'><div class='testcase'>test_adduser3fromgrid</div></td>
    <td colspan='5' align='center'>pass</td>
</tr>

<tr id='pt25.4' class='hiddenRow'>
    <td class='none'><div class='testcase'>test_adduser4fromgrid</div></td>
    <td colspan='5' align='center'>pass</td>
</tr>

<tr id='pt25.5' class='hiddenRow'>
    <td class='none'><div class='testcase'>test_has_right_heading</div></td>
    <td colspan='5' align='center'>pass</td>
</tr>

<tr class='passClass'>
    <td>test_ph4_4addquestion.AddBasicQuestion</td>
    <td>1</td>
    <td>1</td>
    <td>0</td>
    <td>0</td>
    <td><a href="javascript:showClassDetail('c26',1)">Detail</a></td>
</tr>

<tr id='pt26.1' class='hiddenRow'>
    <td class='none'><div class='testcase'>test_question</div></td>
    <td colspan='5' align='center'>pass</td>
</tr>

<tr class='errorClass'>
    <td>test_ph4_4answerquestionusr3.AnswerQuestion</td>
    <td>1</td>
    <td>0</td>
    <td>0</td>
    <td>1</td>
    <td><a href="javascript:showClassDetail('c27',1)">Detail</a></td>
</tr>

<tr id='ft27.1' class='none'>
    <td class='errorCase'><div class='testcase'>test_answer</div></td>
    <td colspan='5' align='center'>

    <!--css div popup start-->
    <a class="popup_link" onfocus='this.blur();' href="javascript:showTestDetail('div_ft27.1')" >
        error</a>

    <div id='div_ft27.1' class="popup_window">
        <div style='text-align: right; color:red;cursor:pointer'>
        <a onfocus='this.blur();' onclick="document.getElementById('div_ft27.1').style.display = 'none' " >
           [x]</a>
        </div>
        <pre>
        
ft27.1: Traceback (most recent call last):
  File "C:\web2pygitdev\web2py\applications\nds\fts\test_ph4_4answerquestionusr3.py", line 35, in test_answer
    element = wait.until(EC.element_to_be_clickable((By.XPATH, "(//input[@name='ans'])[2]")))
  File "C:\python27\lib\site-packages\selenium\webdriver\support\wait.py", line 76, in until
    raise TimeoutException(message, screen, stacktrace)
TimeoutException: Message: 



        </pre>
    </div>
    <!--css div popup end-->

    </td>
</tr>

<tr class='failClass'>
    <td>test_ph4_4groupquestionusr4.AnswerQuestion</td>
    <td>1</td>
    <td>0</td>
    <td>1</td>
    <td>0</td>
    <td><a href="javascript:showClassDetail('c28',1)">Detail</a></td>
</tr>

<tr id='ft28.1' class='none'>
    <td class='failCase'><div class='testcase'>test_answer</div></td>
    <td colspan='5' align='center'>

    <!--css div popup start-->
    <a class="popup_link" onfocus='this.blur();' href="javascript:showTestDetail('div_ft28.1')" >
        fail</a>

    <div id='div_ft28.1' class="popup_window">
        <div style='text-align: right; color:red;cursor:pointer'>
        <a onfocus='this.blur();' onclick="document.getElementById('div_ft28.1').style.display = 'none' " >
           [x]</a>
        </div>
        <pre>
        
ft28.1: Traceback (most recent call last):
  File "C:\web2pygitdev\web2py\applications\nds\fts\test_ph4_4groupquestionusr4.py", line 65, in test_answer
    self.assertIn('This question is in progress', body.text)
AssertionError: 'This question is in progress' not found in u'Internal error\nTicket issued: nds/127.0.0.1.2015-11-26.00-14-47.a5eba8be-e6ee-4a98-b5f7-0343556ee9c2'


        </pre>
    </div>
    <!--css div popup end-->

    </td>
</tr>

<tr class='errorClass'>
    <td>test_ph4_4groupuestionusr2.AnswerQuestion</td>
    <td>1</td>
    <td>0</td>
    <td>0</td>
    <td>1</td>
    <td><a href="javascript:showClassDetail('c29',1)">Detail</a></td>
</tr>

<tr id='ft29.1' class='none'>
    <td class='errorCase'><div class='testcase'>test_answer</div></td>
    <td colspan='5' align='center'>

    <!--css div popup start-->
    <a class="popup_link" onfocus='this.blur();' href="javascript:showTestDetail('div_ft29.1')" >
        error</a>

    <div id='div_ft29.1' class="popup_window">
        <div style='text-align: right; color:red;cursor:pointer'>
        <a onfocus='this.blur();' onclick="document.getElementById('div_ft29.1').style.display = 'none' " >
           [x]</a>
        </div>
        <pre>
        
ft29.1: Traceback (most recent call last):
  File "C:\web2pygitdev\web2py\applications\nds\fts\test_ph4_4groupuestionusr2.py", line 53, in test_answer
    element = wait.until(EC.element_to_be_clickable((By.XPATH, "(//input[@name='ans'])[2]")))
  File "C:\python27\lib\site-packages\selenium\webdriver\support\wait.py", line 76, in until
    raise TimeoutException(message, screen, stacktrace)
TimeoutException: Message: 



        </pre>
    </div>
    <!--css div popup end-->

    </td>
</tr>

<tr class='passClass'>
    <td>test_ph5_additems.AddBasicAction</td>
    <td>2</td>
    <td>2</td>
    <td>0</td>
    <td>0</td>
    <td><a href="javascript:showClassDetail('c30',2)">Detail</a></td>
</tr>

<tr id='pt30.1' class='hiddenRow'>
    <td class='none'><div class='testcase'>test_question_1____submit_new_question_action____Ph5_quick_action___</div></td>
    <td colspan='5' align='center'>pass</td>
</tr>

<tr id='pt30.2' class='hiddenRow'>
    <td class='none'><div class='testcase'>test_question_2____submit_new_question_issue____Ph5_quick_issue__</div></td>
    <td colspan='5' align='center'>pass</td>
</tr>

<tr class='failClass'>
    <td>test_ph5_quickansweraction.AnswerAction</td>
    <td>3</td>
    <td>0</td>
    <td>3</td>
    <td>0</td>
    <td><a href="javascript:showClassDetail('c31',3)">Detail</a></td>
</tr>

<tr id='ft31.1' class='none'>
    <td class='failCase'><div class='testcase'>test_answer_action_1___Testuser2____user2____Answer_recorded__</div></td>
    <td colspan='5' align='center'>

    <!--css div popup start-->
    <a class="popup_link" onfocus='this.blur();' href="javascript:showTestDetail('div_ft31.1')" >
        fail</a>

    <div id='div_ft31.1' class="popup_window">
        <div style='text-align: right; color:red;cursor:pointer'>
        <a onfocus='this.blur();' onclick="document.getElementById('div_ft31.1').style.display = 'none' " >
           [x]</a>
        </div>
        <pre>
        
ft31.1: Traceback (most recent call last):
  File "C:\python27\lib\site-packages\ddt.py", line 146, in wrapper
    return func(self, *args, **kwargs)
  File "C:\web2pygitdev\web2py\applications\nds\fts\test_ph5_quickansweraction.py", line 46, in test_answer_action
    self.assertIn(result, body.text)
AssertionError: 'Answer recorded' not found in u'You have already answered this item\nWelcome Testuser2\nAbout\nCreate\nAnswer\nReview\nMy NDS\nNet Decision Making\nSelection\nIssue Question Action Proposed Resolved Draft\nSort Order\n1 Priority 2 Resolved Date 3 Submit Date 4 Answer Date\nFilters\nScope Category AnswerGroup Date\nSubmitReset\nYou have already answered this item\nProposed Actions\nShow\n10\n25\n50\n100\nentries\nSearch:\nIssstat Issue DueDate\nIn Progress\nLets get this done\n1 day from now\nIn Progress\nPh5 quick action\n1 day from now\nShowing 1 to 2 of 2 entries\nPrevious\n1\nNext\nCopyright \xa9 2015\nPowered by web2py\nShare'


        </pre>
    </div>
    <!--css div popup end-->

    </td>
</tr>

<tr id='ft31.2' class='none'>
    <td class='failCase'><div class='testcase'>test_answer_action_2___Testuser3____user3____Answer_recorded__</div></td>
    <td colspan='5' align='center'>

    <!--css div popup start-->
    <a class="popup_link" onfocus='this.blur();' href="javascript:showTestDetail('div_ft31.2')" >
        fail</a>

    <div id='div_ft31.2' class="popup_window">
        <div style='text-align: right; color:red;cursor:pointer'>
        <a onfocus='this.blur();' onclick="document.getElementById('div_ft31.2').style.display = 'none' " >
           [x]</a>
        </div>
        <pre>
        
ft31.2: Traceback (most recent call last):
  File "C:\python27\lib\site-packages\ddt.py", line 146, in wrapper
    return func(self, *args, **kwargs)
  File "C:\web2pygitdev\web2py\applications\nds\fts\test_ph5_quickansweraction.py", line 46, in test_answer_action
    self.assertIn(result, body.text)
AssertionError: 'Answer recorded' not found in u'You have already answered this item\nWelcome Testuser3\nAbout\nCreate\nAnswer\nReview\nMy NDS\nNet Decision Making\nSelection\nIssue Question Action Proposed Resolved Draft\nSort Order\n1 Priority 2 Resolved Date 3 Submit Date 4 Answer Date\nFilters\nScope Category AnswerGroup Date\nSubmitReset\nYou have already answered this item\nProposed Actions\nShow\n10\n25\n50\n100\nentries\nSearch:\nIssstat Issue DueDate\nIn Progress\nLets get this done\n1 day from now\nIn Progress\nPh5 quick action\n1 day from now\nShowing 1 to 2 of 2 entries\nPrevious\n1\nNext\nCopyright \xa9 2015\nPowered by web2py\nShare'


        </pre>
    </div>
    <!--css div popup end-->

    </td>
</tr>

<tr id='ft31.3' class='none'>
    <td class='failCase'><div class='testcase'>test_answer_action_3___Testuser4____user4____Answer_recorded__</div></td>
    <td colspan='5' align='center'>

    <!--css div popup start-->
    <a class="popup_link" onfocus='this.blur();' href="javascript:showTestDetail('div_ft31.3')" >
        fail</a>

    <div id='div_ft31.3' class="popup_window">
        <div style='text-align: right; color:red;cursor:pointer'>
        <a onfocus='this.blur();' onclick="document.getElementById('div_ft31.3').style.display = 'none' " >
           [x]</a>
        </div>
        <pre>
        
ft31.3: Traceback (most recent call last):
  File "C:\python27\lib\site-packages\ddt.py", line 146, in wrapper
    return func(self, *args, **kwargs)
  File "C:\web2pygitdev\web2py\applications\nds\fts\test_ph5_quickansweraction.py", line 46, in test_answer_action
    self.assertIn(result, body.text)
AssertionError: 'Answer recorded' not found in u'An error occured, please reload the page\n\xd7\nWelcome Testuser4\nAbout\nCreate\nAnswer\nReview\nMy NDS\nNet Decision Making\nSelection\nIssue Question Action Proposed Resolved Draft\nSort Order\n1 Priority 2 Resolved Date 3 Submit Date 4 Answer Date\nFilters\nScope Category AnswerGroup Date\nSubmitReset\nProposed Actions\nShow\n10\n25\n50\n100\nentries\nSearch:\nIssstat Issue DueDate\nIn Progress\nLets get this done\n1 day from now\nIn Progress\nPh5 quick action\n1 day from now\nShowing 1 to 2 of 2 entries\nPrevious\n1\nNext\nCopyright \xa9 2015\nPowered by web2py\nShare'


        </pre>
    </div>
    <!--css div popup end-->

    </td>
</tr>

<tr class='failClass'>
    <td>test_ph5_quickanswerissue.AnswerAction</td>
    <td>3</td>
    <td>0</td>
    <td>3</td>
    <td>0</td>
    <td><a href="javascript:showClassDetail('c32',3)">Detail</a></td>
</tr>

<tr id='ft32.1' class='none'>
    <td class='failCase'><div class='testcase'>test_answer_action_1___Testuser2____user2____Answer_recorded__</div></td>
    <td colspan='5' align='center'>

    <!--css div popup start-->
    <a class="popup_link" onfocus='this.blur();' href="javascript:showTestDetail('div_ft32.1')" >
        fail</a>

    <div id='div_ft32.1' class="popup_window">
        <div style='text-align: right; color:red;cursor:pointer'>
        <a onfocus='this.blur();' onclick="document.getElementById('div_ft32.1').style.display = 'none' " >
           [x]</a>
        </div>
        <pre>
        
ft32.1: Traceback (most recent call last):
  File "C:\python27\lib\site-packages\ddt.py", line 146, in wrapper
    return func(self, *args, **kwargs)
  File "C:\web2pygitdev\web2py\applications\nds\fts\test_ph5_quickanswerissue.py", line 44, in test_answer_action
    self.assertIn(result, body.text)
AssertionError: 'Answer recorded' not found in u'Welcome Testuser2\nAbout\nCreate\nAnswer\nReview\nMy NDS\nNet Decision Making\nSelection\nIssue Question Action Proposed Resolved Draft\nSort Order\n1 Priority 2 Resolved Date 3 Submit Date 4 Answer Date\nFilters\nScope Category AnswerGroup Date\nSubmitReset\nYou have already answered this item\nIssues in Progress\nIssstat Issue DueDate\nIn Progress\nThe world is under-achieving\n1 day from now\nIn Progress\nPh5 quick issue\n1 day from now\nCopyright \xa9 2015\nPowered by web2py\nShare'


        </pre>
    </div>
    <!--css div popup end-->

    </td>
</tr>

<tr id='ft32.2' class='none'>
    <td class='failCase'><div class='testcase'>test_answer_action_2___Testuser3____user3____Answer_recorded__</div></td>
    <td colspan='5' align='center'>

    <!--css div popup start-->
    <a class="popup_link" onfocus='this.blur();' href="javascript:showTestDetail('div_ft32.2')" >
        fail</a>

    <div id='div_ft32.2' class="popup_window">
        <div style='text-align: right; color:red;cursor:pointer'>
        <a onfocus='this.blur();' onclick="document.getElementById('div_ft32.2').style.display = 'none' " >
           [x]</a>
        </div>
        <pre>
        
ft32.2: Traceback (most recent call last):
  File "C:\python27\lib\site-packages\ddt.py", line 146, in wrapper
    return func(self, *args, **kwargs)
  File "C:\web2pygitdev\web2py\applications\nds\fts\test_ph5_quickanswerissue.py", line 44, in test_answer_action
    self.assertIn(result, body.text)
AssertionError: 'Answer recorded' not found in u'Welcome Testuser3\nAbout\nCreate\nAnswer\nReview\nMy NDS\nNet Decision Making\nSelection\nIssue Question Action Proposed Resolved Draft\nSort Order\n1 Priority 2 Resolved Date 3 Submit Date 4 Answer Date\nFilters\nScope Category AnswerGroup Date\nSubmitReset\nYou have already answered this item\nIssues in Progress\nIssstat Issue DueDate\nIn Progress\nThe world is under-achieving\n1 day from now\nIn Progress\nPh5 quick issue\n1 day from now\nCopyright \xa9 2015\nPowered by web2py\nShare'


        </pre>
    </div>
    <!--css div popup end-->

    </td>
</tr>

<tr id='ft32.3' class='none'>
    <td class='failCase'><div class='testcase'>test_answer_action_3___Testuser4____user4____Answer_recorded__</div></td>
    <td colspan='5' align='center'>

    <!--css div popup start-->
    <a class="popup_link" onfocus='this.blur();' href="javascript:showTestDetail('div_ft32.3')" >
        fail</a>

    <div id='div_ft32.3' class="popup_window">
        <div style='text-align: right; color:red;cursor:pointer'>
        <a onfocus='this.blur();' onclick="document.getElementById('div_ft32.3').style.display = 'none' " >
           [x]</a>
        </div>
        <pre>
        
ft32.3: Traceback (most recent call last):
  File "C:\python27\lib\site-packages\ddt.py", line 146, in wrapper
    return func(self, *args, **kwargs)
  File "C:\web2pygitdev\web2py\applications\nds\fts\test_ph5_quickanswerissue.py", line 44, in test_answer_action
    self.assertIn(result, body.text)
AssertionError: 'Answer recorded' not found in u'An error occured, please reload the page\n\xd7\nWelcome Testuser4\nAbout\nCreate\nAnswer\nReview\nMy NDS\nNet Decision Making\nSelection\nIssue Question Action Proposed Resolved Draft\nSort Order\n1 Priority 2 Resolved Date 3 Submit Date 4 Answer Date\nFilters\nScope Category AnswerGroup Date\nSubmitReset\nIssues in Progress\nIssstat Issue DueDate\nIn Progress\nThe world is under-achieving\n1 day from now\nIn Progress\nPh5 quick issue\n1 day from now\nCopyright \xa9 2015\nPowered by web2py\nShare'


        </pre>
    </div>
    <!--css div popup end-->

    </td>
</tr>

<tr class='errorClass'>
    <td>test_ph7_actions.AnswerQuestion</td>
    <td>1</td>
    <td>0</td>
    <td>0</td>
    <td>1</td>
    <td><a href="javascript:showClassDetail('c33',1)">Detail</a></td>
</tr>

<tr id='ft33.1' class='none'>
    <td class='errorCase'><div class='testcase'>test_action_review</div></td>
    <td colspan='5' align='center'>

    <!--css div popup start-->
    <a class="popup_link" onfocus='this.blur();' href="javascript:showTestDetail('div_ft33.1')" >
        error</a>

    <div id='div_ft33.1' class="popup_window">
        <div style='text-align: right; color:red;cursor:pointer'>
        <a onfocus='this.blur();' onclick="document.getElementById('div_ft33.1').style.display = 'none' " >
           [x]</a>
        </div>
        <pre>
        
ft33.1: Traceback (most recent call last):
  File "C:\web2pygitdev\web2py\applications\nds\fts\test_ph7_actions.py", line 39, in test_action_review
    self.browser.find_element_by_css_selector("input.btn").click()
  File "C:\python27\lib\site-packages\selenium\webdriver\remote\webdriver.py", line 397, in find_element_by_css_selector
    return self.find_element(by=By.CSS_SELECTOR, value=css_selector)
  File "C:\python27\lib\site-packages\selenium\webdriver\remote\webdriver.py", line 707, in find_element
    {'using': by, 'value': value})['value']
  File "C:\python27\lib\site-packages\selenium\webdriver\remote\webdriver.py", line 196, in execute
    self.error_handler.check_response(response)
  File "C:\python27\lib\site-packages\selenium\webdriver\remote\errorhandler.py", line 181, in check_response
    raise exception_class(message, screen, stacktrace)
NoSuchElementException: Message: no such element: Unable to locate element: {"method":"css selector","selector":"input.btn"}
  (Session info: chrome=46.0.2490.86)
  (Driver info: chromedriver=2.19.346078 (6f1f0cde889532d48ce8242342d0b84f94b114a1),platform=Windows NT 10.0 x86_64)



        </pre>
    </div>
    <!--css div popup end-->

    </td>
</tr>

<tr class='errorClass'>
    <td>test_ph7_my_actions.AnswerQuestion</td>
    <td>1</td>
    <td>0</td>
    <td>0</td>
    <td>1</td>
    <td><a href="javascript:showClassDetail('c34',1)">Detail</a></td>
</tr>

<tr id='ft34.1' class='none'>
    <td class='errorCase'><div class='testcase'>test_action_review</div></td>
    <td colspan='5' align='center'>

    <!--css div popup start-->
    <a class="popup_link" onfocus='this.blur();' href="javascript:showTestDetail('div_ft34.1')" >
        error</a>

    <div id='div_ft34.1' class="popup_window">
        <div style='text-align: right; color:red;cursor:pointer'>
        <a onfocus='this.blur();' onclick="document.getElementById('div_ft34.1').style.display = 'none' " >
           [x]</a>
        </div>
        <pre>
        
ft34.1: Traceback (most recent call last):
  File "C:\web2pygitdev\web2py\applications\nds\fts\test_ph7_my_actions.py", line 31, in test_action_review
    self.browser.find_element_by_css_selector("input.btn").click()
  File "C:\python27\lib\site-packages\selenium\webdriver\remote\webdriver.py", line 397, in find_element_by_css_selector
    return self.find_element(by=By.CSS_SELECTOR, value=css_selector)
  File "C:\python27\lib\site-packages\selenium\webdriver\remote\webdriver.py", line 707, in find_element
    {'using': by, 'value': value})['value']
  File "C:\python27\lib\site-packages\selenium\webdriver\remote\webdriver.py", line 196, in execute
    self.error_handler.check_response(response)
  File "C:\python27\lib\site-packages\selenium\webdriver\remote\errorhandler.py", line 181, in check_response
    raise exception_class(message, screen, stacktrace)
NoSuchElementException: Message: no such element: Unable to locate element: {"method":"css selector","selector":"input.btn"}
  (Session info: chrome=46.0.2490.86)
  (Driver info: chromedriver=2.19.346078 (6f1f0cde889532d48ce8242342d0b84f94b114a1),platform=Windows NT 10.0 x86_64)



        </pre>
    </div>
    <!--css div popup end-->

    </td>
</tr>

<tr class='passClass'>
    <td>test_ph7_my_answers.AnswerQuestion</td>
    <td>1</td>
    <td>1</td>
    <td>0</td>
    <td>0</td>
    <td><a href="javascript:showClassDetail('c35',1)">Detail</a></td>
</tr>

<tr id='pt35.1' class='hiddenRow'>
    <td class='none'><div class='testcase'>test_action_review</div></td>
    <td colspan='5' align='center'>pass</td>
</tr>

<tr class='passClass'>
    <td>test_ph7_resolved.AnswerQuestion</td>
    <td>1</td>
    <td>1</td>
    <td>0</td>
    <td>0</td>
    <td><a href="javascript:showClassDetail('c36',1)">Detail</a></td>
</tr>

<tr id='pt36.1' class='hiddenRow'>
    <td class='none'><div class='testcase'>test_action_review</div></td>
    <td colspan='5' align='center'>pass</td>
</tr>

<tr class='passClass'>
    <td>test_ph8_addevent.AddEvent</td>
    <td>2</td>
    <td>2</td>
    <td>0</td>
    <td>0</td>
    <td><a href="javascript:showClassDetail('c37',2)">Detail</a></td>
</tr>

<tr id='pt37.1' class='hiddenRow'>
    <td class='none'><div class='testcase'>test_has_right_heading</div></td>
    <td colspan='5' align='center'>pass</td>
</tr>

<tr id='pt37.2' class='hiddenRow'>
    <td class='none'><div class='testcase'>test_question</div></td>
    <td colspan='5' align='center'>pass</td>
</tr>

<tr class='passClass'>
    <td>test_ph9_1addquestion.AddBasicQuestion</td>
    <td>1</td>
    <td>1</td>
    <td>0</td>
    <td>0</td>
    <td><a href="javascript:showClassDetail('c38',1)">Detail</a></td>
</tr>

<tr id='pt38.1' class='hiddenRow'>
    <td class='none'><div class='testcase'>test_question</div></td>
    <td colspan='5' align='center'>pass</td>
</tr>

<tr class='errorClass'>
    <td>test_ph9_1answerquestion.AnswerQuestion</td>
    <td>4</td>
    <td>1</td>
    <td>0</td>
    <td>3</td>
    <td><a href="javascript:showClassDetail('c39',4)">Detail</a></td>
</tr>

<tr id='ft39.1' class='none'>
    <td class='errorCase'><div class='testcase'>test_answer_1___Testuser2____user2____2____in_progress____yes__</div></td>
    <td colspan='5' align='center'>

    <!--css div popup start-->
    <a class="popup_link" onfocus='this.blur();' href="javascript:showTestDetail('div_ft39.1')" >
        error</a>

    <div id='div_ft39.1' class="popup_window">
        <div style='text-align: right; color:red;cursor:pointer'>
        <a onfocus='this.blur();' onclick="document.getElementById('div_ft39.1').style.display = 'none' " >
           [x]</a>
        </div>
        <pre>
        
ft39.1: Traceback (most recent call last):
  File "C:\python27\lib\site-packages\ddt.py", line 146, in wrapper
    return func(self, *args, **kwargs)
  File "C:\web2pygitdev\web2py\applications\nds\fts\test_ph9_1answerquestion.py", line 42, in test_answer
    toclick = WebDriverWait(self, 20).until(lambda self: self.browser.find_element_by_xpath(ansstring))
  File "C:\python27\lib\site-packages\selenium\webdriver\support\wait.py", line 76, in until
    raise TimeoutException(message, screen, stacktrace)
TimeoutException: Message: 



        </pre>
    </div>
    <!--css div popup end-->

    </td>
</tr>

<tr id='ft39.2' class='none'>
    <td class='errorCase'><div class='testcase'>test_answer_2___Testuser3____user3____2____in_progress____no__</div></td>
    <td colspan='5' align='center'>

    <!--css div popup start-->
    <a class="popup_link" onfocus='this.blur();' href="javascript:showTestDetail('div_ft39.2')" >
        error</a>

    <div id='div_ft39.2' class="popup_window">
        <div style='text-align: right; color:red;cursor:pointer'>
        <a onfocus='this.blur();' onclick="document.getElementById('div_ft39.2').style.display = 'none' " >
           [x]</a>
        </div>
        <pre>
        
ft39.2: Traceback (most recent call last):
  File "C:\python27\lib\site-packages\ddt.py", line 146, in wrapper
    return func(self, *args, **kwargs)
  File "C:\web2pygitdev\web2py\applications\nds\fts\test_ph9_1answerquestion.py", line 42, in test_answer
    toclick = WebDriverWait(self, 20).until(lambda self: self.browser.find_element_by_xpath(ansstring))
  File "C:\python27\lib\site-packages\selenium\webdriver\support\wait.py", line 76, in until
    raise TimeoutException(message, screen, stacktrace)
TimeoutException: Message: 



        </pre>
    </div>
    <!--css div popup end-->

    </td>
</tr>

<tr id='ft39.3' class='none'>
    <td class='errorCase'><div class='testcase'>test_answer_3___Testuser4____user4____2____in_progress____no__</div></td>
    <td colspan='5' align='center'>

    <!--css div popup start-->
    <a class="popup_link" onfocus='this.blur();' href="javascript:showTestDetail('div_ft39.3')" >
        error</a>

    <div id='div_ft39.3' class="popup_window">
        <div style='text-align: right; color:red;cursor:pointer'>
        <a onfocus='this.blur();' onclick="document.getElementById('div_ft39.3').style.display = 'none' " >
           [x]</a>
        </div>
        <pre>
        
ft39.3: Traceback (most recent call last):
  File "C:\python27\lib\site-packages\ddt.py", line 146, in wrapper
    return func(self, *args, **kwargs)
  File "C:\web2pygitdev\web2py\applications\nds\fts\test_ph9_1answerquestion.py", line 42, in test_answer
    toclick = WebDriverWait(self, 20).until(lambda self: self.browser.find_element_by_xpath(ansstring))
  File "C:\python27\lib\site-packages\selenium\webdriver\support\wait.py", line 76, in until
    raise TimeoutException(message, screen, stacktrace)
TimeoutException: Message: 



        </pre>
    </div>
    <!--css div popup end-->

    </td>
</tr>

<tr id='pt39.4' class='hiddenRow'>
    <td class='none'><div class='testcase'>test_answer_4___Testuser5____user5____2____in_progress____no__</div></td>
    <td colspan='5' align='center'>pass</td>
</tr>

<tr id='total_row'>
    <td>Total</td>
    <td>85</td>
    <td>49</td>
    <td>20</td>
    <td>16</td>
    <td>&nbsp;</td>
</tr>
</table>

<div id='ending'>&nbsp;</div>

</body>
</html>
